<?xml version="1.0" encoding="UTF-8"?>
<!-- Generated by org.testng.reporters.JUnitReportReporter -->
<testsuite hostname="HASEEB1" failures="1" tests="7" name="TestRunner.CucumberTestRunner" time="85.928" errors="0" timestamp="2024-01-07T09:47:20 PKT" skipped="0">
  <testcase classname="TestRunner.CucumberTestRunner" name="runScenario" time="7.011"/>
  <testcase classname="TestRunner.CucumberTestRunner" name="runScenario" time="7.352"/>
  <testcase classname="TestRunner.CucumberTestRunner" name="runScenario" time="7.006"/>
  <testcase classname="TestRunner.CucumberTestRunner" name="runScenario" time="2.920"/>
  <testcase classname="TestRunner.CucumberTestRunner" name="runScenario" time="4.841"/>
  <testcase classname="TestRunner.CucumberTestRunner" name="runScenario" time="2.952">
    <failure message="User should not be navigated to the Home Page expected [true] but found [false]" type="java.lang.AssertionError">
      <![CDATA[java.lang.AssertionError: User should not be navigated to the Home Page expected [true] but found [false]
at org.testng.Assert.fail(Assert.java:111)
at org.testng.Assert.failNotEquals(Assert.java:1578)
at org.testng.Assert.assertTrue(Assert.java:57)
at StepDefinitions.LoginPOM_StepsDefinition.user_should_be(LoginPOM_StepsDefinition.java:79)
at âœ½.User should be "not_navigated"(file:///D:/Eclipse/framework/java_framwork/src/test/resources/Features/sauceDemoProducts.feature:19)
]]>
    </failure>
  </testcase> <!-- runScenario -->
  <testcase classname="TestRunner.CucumberTestRunner" name="runScenario" time="53.846"/>
</testsuite> <!-- TestRunner.CucumberTestRunner -->
